#
# A fatal error has been detected by the Java Runtime Environment:
#
#  SIGSEGV (0xb) at pc=0x000000010f446d7c, pid=46769, tid=17155
#
# JRE version: Java(TM) SE Runtime Environment (8.0_73-b02) (build 1.8.0_73-b02)
# Java VM: Java HotSpot(TM) 64-Bit Server VM (25.73-b02 mixed mode bsd-amd64 compressed oops)
# Problematic frame:
# V  [libjvm.dylib+0x446d7c]  Method::checked_resolve_jmethod_id(_jmethodID*)+0xe
#
# Failed to write core dump. Core dumps have been disabled. To enable core dumping, try "ulimit -c unlimited" before starting Java again
#
# If you would like to submit a bug report, please visit:
#   http://bugreport.java.com/bugreport/crash.jsp
#

---------------  T H R E A D  ---------------

Current thread (0x00007fd9fa032000):  JavaThread "JDWP Transport Listener: dt_socket" daemon [_thread_in_vm, id=17155, stack(0x0000700000b3b000,0x0000700000c3b000)]

siginfo: si_signo: 11 (SIGSEGV), si_code: 0 (unknown), si_addr: 0x0000000000000000

Registers:
RAX=0x0000000000000001, RBX=0x0000700000c3aa8b, RCX=0x000000010f815340, RDX=0x0000700000c3aa8b
RSP=0x0000700000c3a9d0, RBP=0x0000700000c3a9e0, RSI=0x00007fd9fa032000, RDI=0x9000000000000000
R8 =0x0000000000000004, R9 =0x00000000fffffe00, R10=0x0000000000000026, R11=0x00000000000000fc
R12=0x00007fd9fa032000, R13=0x9000000000000000, R14=0x9000000000000000, R15=0x00007fd9f8415f00
RIP=0x000000010f446d7c, EFLAGS=0x0000000000010286, ERR=0x0000000000000000
  TRAPNO=0x000000000000000d

Top of Stack: (sp=0x0000700000c3a9d0)
0x0000700000c3a9d0:   0000700000c3aa8b 0000700000c3aa8b
0x0000700000c3a9e0:   0000700000c3aa40 000000010f355dda
0x0000700000c3a9f0:   00007fd9fa032000 0000000000000000
0x0000700000c3aa00:   0000700000000000 0000000000000000
0x0000700000c3aa10:   00007fd9fa032000 00007fd9fa032000
0x0000700000c3aa20:   0000700000c3aa8b 0000700000c3aa90
0x0000700000c3aa30:   9000000000000000 0000000000000000
0x0000700000c3aa40:   0000700000c3aa60 000000010e72c780
0x0000700000c3aa50:   0000000000000001 0000700000c3ab08
0x0000700000c3aa60:   0000700000c3aad0 000000010e7111f3
0x0000700000c3aa70:   0000700000c3aaa0 00007fd9f845ec60
0x0000700000c3aa80:   0000000500000032 0000700000c3ab08
0x0000700000c3aa90:   0000000000000000 0000000000000000
0x0000700000c3aaa0:   0000000000000000 0000700000c3ac90
0x0000700000c3aab0:   000000010e733e7a 00007fd9f874f300
0x0000700000c3aac0:   0000700000c3ab08 000000010e73f598
0x0000700000c3aad0:   0000700000c3aae0 000000010e7112ec
0x0000700000c3aae0:   0000700000c3ad00 000000010e71a898
0x0000700000c3aaf0:   0000155c00000013 00000000000f0200
0x0000700000c3ab00:   00007fd9f873b7a0 0000700000c3ab5c
0x0000700000c3ab10:   00007fd900000128 0000700000c3ab20
0x0000700000c3ab20:   0000000000000004 0000700000c3ab58
0x0000700000c3ab30:   0000000000000000 0000000000000000
0x0000700000c3ab40:   0000155c0000000b 00007fff0000dc80
0x0000700000c3ab50:   0000700000c3ab58 0000000005000000
0x0000700000c3ab60:   0000000100000b00 7f00001000000000
0x0000700000c3ab70:   000000480951f8d9 0000005c00000000
0x0000700000c3ab80:   00000101000b0000 00001e0000000000
0x0000700000c3ab90:   ffff109b74f8d97f 0000ffffffffffff
0x0000700000c3aba0:   000102000b000000 001e000000000000
0x0000700000c3abb0:   00189b74f8d97f00 0064000000000000
0x0000700000c3abc0:   0103000b00000000 1f00000000000000 

Instructions: (pc=0x000000010f446d7c)
0x000000010f446d5c:   40 48 48 85 c0 75 e0 30 c0 0f b6 c0 5d c3 31 c0
0x000000010f446d6c:   5d c3 55 48 89 e5 53 48 83 ec 08 48 85 ff 74 24
0x000000010f446d7c:   48 8b 1f 48 85 db 74 1c 48 83 fb 37 74 16 48 8b
0x000000010f446d8c:   03 48 89 df ff 50 10 84 c0 b8 00 00 00 00 48 0f 

Register to memory mapping:

RAX=0x0000000000000001 is an unknown value
RBX=0x0000700000c3aa8b is pointing into the stack for thread: 0x00007fd9fa032000
RCX=0x000000010f815340: UseMembar+0 in /Library/Java/JavaVirtualMachines/jdk1.8.0_73.jdk/Contents/Home/jre/lib/server/libjvm.dylib at 0x000000010f000000
RDX=0x0000700000c3aa8b is pointing into the stack for thread: 0x00007fd9fa032000
RSP=0x0000700000c3a9d0 is pointing into the stack for thread: 0x00007fd9fa032000
RBP=0x0000700000c3a9e0 is pointing into the stack for thread: 0x00007fd9fa032000
RSI=0x00007fd9fa032000 is a thread
RDI=0x9000000000000000 is an unknown value
R8 =0x0000000000000004 is an unknown value
R9 =0x00000000fffffe00 is an unknown value
R10=0x0000000000000026 is an unknown value
R11=0x00000000000000fc is an unknown value
R12=0x00007fd9fa032000 is a thread
R13=0x9000000000000000 is an unknown value
R14=0x9000000000000000 is an unknown value
R15=0x00007fd9f8415f00 is an unknown value


Stack: [0x0000700000b3b000,0x0000700000c3b000],  sp=0x0000700000c3a9d0,  free space=1022k
Native frames: (J=compiled Java code, j=interpreted, Vv=VM code, C=native code)
V  [libjvm.dylib+0x446d7c]  Method::checked_resolve_jmethod_id(_jmethodID*)+0xe
V  [libjvm.dylib+0x355dda]  jvmti_IsMethodSynthetic+0xb2
C  [libjdwp.dylib+0x20780]  isMethodSynthetic+0x63
C  [libjdwp.dylib+0x51f3]  methods1+0x10b
C  [libjdwp.dylib+0x52ec]  methodsWithGeneric+0xe
C  [libjdwp.dylib+0xe898]  debugLoop_run+0x1ce
C  [libjdwp.dylib+0x1f6ba]  attachThread+0x4d
V  [libjvm.dylib+0x397138]  JvmtiAgentThread::call_start_function()+0x38
V  [libjvm.dylib+0x561753]  JavaThread::thread_main_inner()+0x9b
V  [libjvm.dylib+0x562e4e]  JavaThread::run()+0x1c2
V  [libjvm.dylib+0x4838a2]  java_start(Thread*)+0xf6
C  [libsystem_pthread.dylib+0x399d]  _pthread_body+0x83
C  [libsystem_pthread.dylib+0x391a]  _pthread_body+0x0
C  [libsystem_pthread.dylib+0x1351]  thread_start+0xd
C  0x0000000000000000


---------------  P R O C E S S  ---------------

Java Threads: ( => current thread )
  0x00007fd9f881c800 JavaThread "ReaderThread" [_thread_in_native, id=21251, stack(0x0000700001353000,0x0000700001453000)]
  0x00007fd9fa04b000 JavaThread "Service Thread" daemon [_thread_blocked, id=20227, stack(0x000070000114d000,0x000070000124d000)]
  0x00007fd9f982c000 JavaThread "C1 CompilerThread2" daemon [_thread_blocked, id=19715, stack(0x000070000104a000,0x000070000114a000)]
  0x00007fd9f982b800 JavaThread "C2 CompilerThread1" daemon [_thread_blocked, id=19203, stack(0x0000700000f47000,0x0000700001047000)]
  0x00007fd9fa045800 JavaThread "C2 CompilerThread0" daemon [_thread_blocked, id=18691, stack(0x0000700000e44000,0x0000700000f44000)]
  0x00007fd9fa045000 JavaThread "JDWP Command Reader" daemon [_thread_in_native, id=18179, stack(0x0000700000d41000,0x0000700000e41000)]
  0x00007fd9f902e800 JavaThread "JDWP Event Helper Thread" daemon [_thread_blocked, id=17667, stack(0x0000700000c3e000,0x0000700000d3e000)]
=>0x00007fd9fa032000 JavaThread "JDWP Transport Listener: dt_socket" daemon [_thread_in_vm, id=17155, stack(0x0000700000b3b000,0x0000700000c3b000)]
  0x00007fd9fa031800 JavaThread "Signal Dispatcher" daemon [_thread_blocked, id=13839, stack(0x0000700000a38000,0x0000700000b38000)]
  0x00007fd9fa027800 JavaThread "Finalizer" daemon [_thread_blocked, id=12291, stack(0x000070000082f000,0x000070000092f000)]
  0x00007fd9f980f000 JavaThread "Reference Handler" daemon [_thread_blocked, id=11779, stack(0x000070000072c000,0x000070000082c000)]
  0x00007fd9f9802800 JavaThread "main" [_thread_blocked, id=5891, stack(0x000070000011a000,0x000070000021a000)]

Other Threads:
  0x00007fd9f980c800 VMThread [stack: 0x0000700000629000,0x0000700000729000] [id=11267]
  0x00007fd9fa044000 WatcherThread [stack: 0x0000700001250000,0x0000700001350000] [id=20739]

VM state:not at safepoint (normal execution)

VM Mutex/Monitor currently owned by a thread: None

Heap:
 PSYoungGen      total 38400K, used 9993K [0x0000000795580000, 0x0000000798000000, 0x00000007c0000000)
  eden space 33280K, 30% used [0x0000000795580000,0x0000000795f42438,0x0000000797600000)
  from space 5120K, 0% used [0x0000000797b00000,0x0000000797b00000,0x0000000798000000)
  to   space 5120K, 0% used [0x0000000797600000,0x0000000797600000,0x0000000797b00000)
 ParOldGen       total 87552K, used 0K [0x0000000740000000, 0x0000000745580000, 0x0000000795580000)
  object space 87552K, 0% used [0x0000000740000000,0x0000000740000000,0x0000000745580000)
 Metaspace       used 7687K, capacity 7888K, committed 8192K, reserved 1056768K
  class space    used 879K, capacity 968K, committed 1024K, reserved 1048576K

Card table byte_map: [0x000000011f34d000,0x000000011f74e000] byte_map_base: 0x000000011b94d000

Marking Bits: (ParMarkBitMap*) 0x000000010f8e3ea0
 Begin Bits: [0x000000011f9f9000, 0x00000001219f9000)
 End Bits:   [0x00000001219f9000, 0x00000001239f9000)

Polling page: 0x000000010e70b000

CodeCache: size=245760Kb used=2264Kb max_used=2266Kb free=243495Kb
 bounds [0x000000010ff8d000, 0x00000001101fd000, 0x000000011ef8d000]
 total_blobs=808 nmethods=492 adapters=238
 compilation: enabled

Compilation events (10 events):
Event: 0.463 Thread 0x00007fd9f982c000 nmethod 487 0x00000001101be950 code [0x00000001101beac0, 0x00000001101bede8]
Event: 0.463 Thread 0x00007fd9fa045800 nmethod 485 0x00000001101be210 code [0x00000001101be380, 0x00000001101be6b8]
Event: 0.469 Thread 0x00007fd9f982c000  488       3       sun.invoke.util.BytecodeDescriptor::unparseSig (75 bytes)
Event: 0.469 Thread 0x00007fd9f982b800  489       4       java.util.concurrent.ConcurrentHashMap::casTabAt (20 bytes)
Event: 0.469 Thread 0x00007fd9fa045800  490       4       java.util.concurrent.ConcurrentHashMap::tabAt (21 bytes)
Event: 0.470 Thread 0x00007fd9fa045800 nmethod 490 0x00000001101c1690 code [0x00000001101c17c0, 0x00000001101c1818]
Event: 0.470 Thread 0x00007fd9f982b800 nmethod 489 0x00000001101c1890 code [0x00000001101c19c0, 0x00000001101c1a38]
Event: 0.470 Thread 0x00007fd9f982c000 nmethod 488 0x00000001101c3e10 code [0x00000001101c4080, 0x00000001101c5268]
Event: 0.473 Thread 0x00007fd9f982c000  491       3       java.lang.invoke.MemberName::initResolved (53 bytes)
Event: 0.473 Thread 0x00007fd9f982c000 nmethod 491 0x00000001101bdcd0 code [0x00000001101bde40, 0x00000001101be010]

GC Heap History (0 events):
No events

Deoptimization events (1 events):
Event: 0.385 Thread 0x00007fd9f9802800 Uncommon trap: reason=unstable_if action=reinterpret pc=0x0000000110133360 method=java.lang.String.lastIndexOf([CII[CIII)I @ 66

Internal exceptions (10 events):
Event: 0.144 Thread 0x00007fd9f9802800 Exception <a 'java/util/zip/ZipException'> (0x0000000795831350) thrown at [/HUDSON3/workspace/8-2-build-macosx-x86_64/jdk8u73/6086/hotspot/src/share/vm/prims/jni.cpp, line 709]
Event: 0.144 Thread 0x00007fd9f9802800 Exception <a 'java/security/PrivilegedActionException'> (0x0000000795831558) thrown at [/HUDSON3/workspace/8-2-build-macosx-x86_64/jdk8u73/6086/hotspot/src/share/vm/prims/jvm.cpp, line 1386]
Event: 0.144 Thread 0x00007fd9f9802800 Exception <a 'java/security/PrivilegedActionException'> (0x0000000795831768) thrown at [/HUDSON3/workspace/8-2-build-macosx-x86_64/jdk8u73/6086/hotspot/src/share/vm/prims/jvm.cpp, line 1386]
Event: 0.331 Thread 0x00007fd9f9802800 Exception <a 'java/security/PrivilegedActionException'> (0x0000000795cae530) thrown at [/HUDSON3/workspace/8-2-build-macosx-x86_64/jdk8u73/6086/hotspot/src/share/vm/prims/jvm.cpp, line 1386]
Event: 0.331 Thread 0x00007fd9f9802800 Exception <a 'java/security/PrivilegedActionException'> (0x0000000795cae928) thrown at [/HUDSON3/workspace/8-2-build-macosx-x86_64/jdk8u73/6086/hotspot/src/share/vm/prims/jvm.cpp, line 1386]
Event: 0.331 Thread 0x00007fd9f9802800 Exception <a 'java/security/PrivilegedActionException'> (0x0000000795cb1f98) thrown at [/HUDSON3/workspace/8-2-build-macosx-x86_64/jdk8u73/6086/hotspot/src/share/vm/prims/jvm.cpp, line 1386]
Event: 0.331 Thread 0x00007fd9f9802800 Exception <a 'java/security/PrivilegedActionException'> (0x0000000795cb2390) thrown at [/HUDSON3/workspace/8-2-build-macosx-x86_64/jdk8u73/6086/hotspot/src/share/vm/prims/jvm.cpp, line 1386]
Event: 0.427 Thread 0x00007fd9f9802800 Exception <a 'java/lang/NoSuchFieldError': method resolution failed> (0x0000000795e42f08) thrown at [/HUDSON3/workspace/8-2-build-macosx-x86_64/jdk8u73/6086/hotspot/src/share/vm/prims/methodHandles.cpp, line 1146]
Event: 0.432 Thread 0x00007fd9f9802800 Exception <a 'java/lang/NoSuchFieldError': method resolution failed> (0x0000000795e505f8) thrown at [/HUDSON3/workspace/8-2-build-macosx-x86_64/jdk8u73/6086/hotspot/src/share/vm/prims/methodHandles.cpp, line 1146]
Event: 0.473 Thread 0x00007fd9f9802800 Exception <a 'java/lang/NoSuchMethodError': java.lang.Object.lambda$0(Ljava/lang/String;)Z> (0x0000000795efe378) thrown at [/HUDSON3/workspace/8-2-build-macosx-x86_64/jdk8u73/6086/hotspot/src/share/vm/interpreter/linkResolver.cpp, line 582]

Events (10 events):
Event: 448.580 Executing VM operation: RedefineClasses
Event: 448.583 Executing VM operation: RedefineClasses done
Event: 448.583 Executing VM operation: EnterInterpOnlyMode
Event: 448.584 Executing VM operation: EnterInterpOnlyMode done
Event: 448.584 Executing VM operation: GetCurrentLocation
Event: 448.584 Executing VM operation: GetCurrentLocation done
Event: 448.584 Executing VM operation: ChangeSingleStep
Event: 448.584 Executing VM operation: ChangeSingleStep done
Event: 448.584 Executing VM operation: ChangeSingleStep
Event: 448.584 Executing VM operation: ChangeSingleStep done


Dynamic libraries:
0x00000000077c8000 	/System/Library/Frameworks/Cocoa.framework/Versions/A/Cocoa
0x00000000077c8000 	/System/Library/Frameworks/Security.framework/Versions/A/Security
0x00000000077c8000 	/System/Library/Frameworks/ApplicationServices.framework/Versions/A/ApplicationServices
0x00000000077c8000 	/usr/lib/libz.1.dylib
0x00000000077c8000 	/usr/lib/libSystem.B.dylib
0x00000000077c8000 	/usr/lib/libobjc.A.dylib
0x00000000077c8000 	/System/Library/Frameworks/CoreFoundation.framework/Versions/A/CoreFoundation
0x00000000077c8000 	/System/Library/Frameworks/Foundation.framework/Versions/C/Foundation
0x00000000077c8000 	/System/Library/Frameworks/AppKit.framework/Versions/C/AppKit
0x00000000077c8000 	/System/Library/Frameworks/CoreData.framework/Versions/A/CoreData
0x00000000077c8000 	/System/Library/PrivateFrameworks/RemoteViewServices.framework/Versions/A/RemoteViewServices
0x00000000077c8000 	/System/Library/PrivateFrameworks/UIFoundation.framework/Versions/A/UIFoundation
0x00000000077c8000 	/usr/lib/libScreenReader.dylib
0x00000000077c8000 	/System/Library/Frameworks/Accelerate.framework/Versions/A/Accelerate
0x00000000077c8000 	/System/Library/Frameworks/IOSurface.framework/Versions/A/IOSurface
0x00000000077c8000 	/System/Library/Frameworks/AudioToolbox.framework/Versions/A/AudioToolbox
0x00000000077c8000 	/System/Library/Frameworks/AudioUnit.framework/Versions/A/AudioUnit
0x00000000077c8000 	/System/Library/PrivateFrameworks/DataDetectorsCore.framework/Versions/A/DataDetectorsCore
0x00000000077c8000 	/System/Library/PrivateFrameworks/DesktopServicesPriv.framework/Versions/A/DesktopServicesPriv
0x00000000077c8000 	/System/Library/Frameworks/Carbon.framework/Versions/A/Frameworks/HIToolbox.framework/Versions/A/HIToolbox
0x00000000077c8000 	/System/Library/Frameworks/QuartzCore.framework/Versions/A/QuartzCore
0x00000000077c8000 	/System/Library/Frameworks/Carbon.framework/Versions/A/Frameworks/SpeechRecognition.framework/Versions/A/SpeechRecognition
0x00000000077c8000 	/usr/lib/libauto.dylib
0x00000000077c8000 	/usr/lib/libicucore.A.dylib
0x00000000077c8000 	/usr/lib/libxml2.2.dylib
0x00000000077c8000 	/System/Library/PrivateFrameworks/CoreUI.framework/Versions/A/CoreUI
0x00000000077c8000 	/System/Library/Frameworks/CoreAudio.framework/Versions/A/CoreAudio
0x00000000077c8000 	/System/Library/Frameworks/DiskArbitration.framework/Versions/A/DiskArbitration
0x00000000077c8000 	/usr/lib/liblangid.dylib
0x00000000077c8000 	/System/Library/PrivateFrameworks/MultitouchSupport.framework/Versions/A/MultitouchSupport
0x00000000077c8000 	/System/Library/Frameworks/IOKit.framework/Versions/A/IOKit
0x00000000077c8000 	/usr/lib/libDiagnosticMessagesClient.dylib
0x00000000077c8000 	/System/Library/Frameworks/CoreServices.framework/Versions/A/CoreServices
0x00000000077c8000 	/System/Library/PrivateFrameworks/PerformanceAnalysis.framework/Versions/A/PerformanceAnalysis
0x00000000077c8000 	/System/Library/PrivateFrameworks/GenerationalStorage.framework/Versions/A/GenerationalStorage
0x00000000077c8000 	/System/Library/Frameworks/OpenGL.framework/Versions/A/OpenGL
0x00000000077c8000 	/System/Library/PrivateFrameworks/Sharing.framework/Versions/A/Sharing
0x00000000077c8000 	/System/Library/Frameworks/CoreGraphics.framework/Versions/A/CoreGraphics
0x00000000077c8000 	/System/Library/Frameworks/CoreImage.framework/Versions/A/CoreImage
0x00000000077c8000 	/System/Library/Frameworks/CoreText.framework/Versions/A/CoreText
0x00000000077c8000 	/System/Library/Frameworks/ImageIO.framework/Versions/A/ImageIO
0x00000000077c8000 	/System/Library/PrivateFrameworks/Backup.framework/Versions/A/Backup
0x00000000077c8000 	/usr/lib/libextension.dylib
0x00000000077c8000 	/usr/lib/libarchive.2.dylib
0x00000000077c8000 	/System/Library/Frameworks/CFNetwork.framework/Versions/A/CFNetwork
0x00000000077c8000 	/System/Library/Frameworks/SystemConfiguration.framework/Versions/A/SystemConfiguration
0x00000000077c8000 	/usr/lib/libCRFSuite.dylib
0x00000000077c8000 	/usr/lib/libc++.1.dylib
0x00000000077c8000 	/usr/lib/libc++abi.dylib
0x00000000077c8000 	/usr/lib/system/libcache.dylib
0x00000000077c8000 	/usr/lib/system/libcommonCrypto.dylib
0x00000000077c8000 	/usr/lib/system/libcompiler_rt.dylib
0x00000000077c8000 	/usr/lib/system/libcopyfile.dylib
0x00000000077c8000 	/usr/lib/system/libcorecrypto.dylib
0x00000000077c8000 	/usr/lib/system/libdispatch.dylib
0x00000000077c8000 	/usr/lib/system/libdyld.dylib
0x00000000077c8000 	/usr/lib/system/libkeymgr.dylib
0x00000000077c8000 	/usr/lib/system/liblaunch.dylib
0x00000000077c8000 	/usr/lib/system/libmacho.dylib
0x00000000077c8000 	/usr/lib/system/libquarantine.dylib
0x00000000077c8000 	/usr/lib/system/libremovefile.dylib
0x00000000077c8000 	/usr/lib/system/libsystem_asl.dylib
0x00000000077c8000 	/usr/lib/system/libsystem_blocks.dylib
0x00000000077c8000 	/usr/lib/system/libsystem_c.dylib
0x00000000077c8000 	/usr/lib/system/libsystem_configuration.dylib
0x00000000077c8000 	/usr/lib/system/libsystem_coreservices.dylib
0x00000000077c8000 	/usr/lib/system/libsystem_coretls.dylib
0x00000000077c8000 	/usr/lib/system/libsystem_dnssd.dylib
0x00000000077c8000 	/usr/lib/system/libsystem_info.dylib
0x00000000077c8000 	/usr/lib/system/libsystem_kernel.dylib
0x00000000077c8000 	/usr/lib/system/libsystem_m.dylib
0x00000000077c8000 	/usr/lib/system/libsystem_malloc.dylib
0x00000000077c8000 	/usr/lib/system/libsystem_network.dylib
0x00000000077c8000 	/usr/lib/system/libsystem_networkextension.dylib
0x00000000077c8000 	/usr/lib/system/libsystem_notify.dylib
0x00000000077c8000 	/usr/lib/system/libsystem_platform.dylib
0x00000000077c8000 	/usr/lib/system/libsystem_pthread.dylib
0x00000000077c8000 	/usr/lib/system/libsystem_sandbox.dylib
0x00000000077c8000 	/usr/lib/system/libsystem_secinit.dylib
0x00000000077c8000 	/usr/lib/system/libsystem_trace.dylib
0x00000000077c8000 	/usr/lib/system/libunc.dylib
0x00000000077c8000 	/usr/lib/system/libunwind.dylib
0x00000000077c8000 	/usr/lib/system/libxpc.dylib
0x00000000077c8000 	/usr/lib/libenergytrace.dylib
0x00000000077c8000 	/usr/lib/libbsm.0.dylib
0x00000000077c8000 	/usr/lib/system/libkxld.dylib
0x00000000077c8000 	/usr/lib/libxar.1.dylib
0x00000000077c8000 	/usr/lib/libsqlite3.dylib
0x00000000077c8000 	/usr/lib/libpam.2.dylib
0x00000000077c8000 	/usr/lib/libOpenScriptingUtil.dylib
0x00000000077c8000 	/usr/lib/libbz2.1.0.dylib
0x00000000077c8000 	/usr/lib/liblzma.5.dylib
0x00000000077c8000 	/System/Library/Frameworks/CoreServices.framework/Versions/A/Frameworks/FSEvents.framework/Versions/A/FSEvents
0x00000000077c8000 	/System/Library/Frameworks/CoreServices.framework/Versions/A/Frameworks/CarbonCore.framework/Versions/A/CarbonCore
0x00000000077c8000 	/System/Library/Frameworks/CoreServices.framework/Versions/A/Frameworks/Metadata.framework/Versions/A/Metadata
0x00000000077c8000 	/System/Library/Frameworks/CoreServices.framework/Versions/A/Frameworks/OSServices.framework/Versions/A/OSServices
0x00000000077c8000 	/System/Library/Frameworks/CoreServices.framework/Versions/A/Frameworks/SearchKit.framework/Versions/A/SearchKit
0x00000000077c8000 	/System/Library/Frameworks/CoreServices.framework/Versions/A/Frameworks/AE.framework/Versions/A/AE
0x00000000077c8000 	/System/Library/Frameworks/CoreServices.framework/Versions/A/Frameworks/LaunchServices.framework/Versions/A/LaunchServices
0x00000000077c8000 	/System/Library/Frameworks/CoreServices.framework/Versions/A/Frameworks/DictionaryServices.framework/Versions/A/DictionaryServices
0x00000000077c8000 	/System/Library/Frameworks/CoreServices.framework/Versions/A/Frameworks/SharedFileList.framework/Versions/A/SharedFileList
0x00000000077c8000 	/System/Library/Frameworks/NetFS.framework/Versions/A/NetFS
0x00000000077c8000 	/System/Library/PrivateFrameworks/NetAuth.framework/Versions/A/NetAuth
0x00000000077c8000 	/System/Library/PrivateFrameworks/login.framework/Versions/A/Frameworks/loginsupport.framework/Versions/A/loginsupport
0x00000000077c8000 	/System/Library/PrivateFrameworks/TCC.framework/Versions/A/TCC
0x00000000077c8000 	/usr/lib/libmecabra.dylib
0x00000000077c8000 	/System/Library/Frameworks/ApplicationServices.framework/Versions/A/Frameworks/ATS.framework/Versions/A/ATS
0x00000000077c8000 	/System/Library/Frameworks/ApplicationServices.framework/Versions/A/Frameworks/ColorSync.framework/Versions/A/ColorSync
0x00000000077c8000 	/System/Library/Frameworks/ApplicationServices.framework/Versions/A/Frameworks/HIServices.framework/Versions/A/HIServices
0x00000000077c8000 	/System/Library/Frameworks/ApplicationServices.framework/Versions/A/Frameworks/LangAnalysis.framework/Versions/A/LangAnalysis
0x00000000077c8000 	/System/Library/Frameworks/ApplicationServices.framework/Versions/A/Frameworks/PrintCore.framework/Versions/A/PrintCore
0x00000000077c8000 	/System/Library/Frameworks/ApplicationServices.framework/Versions/A/Frameworks/QD.framework/Versions/A/QD
0x00000000077c8000 	/System/Library/Frameworks/ApplicationServices.framework/Versions/A/Frameworks/SpeechSynthesis.framework/Versions/A/SpeechSynthesis
0x00000000077c8000 	/System/Library/Frameworks/Metal.framework/Versions/A/Metal
0x00000000077c8000 	/System/Library/Frameworks/Accelerate.framework/Versions/A/Frameworks/vImage.framework/Versions/A/vImage
0x00000000077c8000 	/System/Library/Frameworks/Accelerate.framework/Versions/A/Frameworks/vecLib.framework/Versions/A/vecLib
0x00000000077c8000 	/System/Library/Frameworks/Accelerate.framework/Versions/A/Frameworks/vecLib.framework/Versions/A/libvDSP.dylib
0x00000000077c8000 	/System/Library/Frameworks/Accelerate.framework/Versions/A/Frameworks/vecLib.framework/Versions/A/libvMisc.dylib
0x00000000077c8000 	/System/Library/Frameworks/Accelerate.framework/Versions/A/Frameworks/vecLib.framework/Versions/A/libLAPACK.dylib
0x00000000077c8000 	/System/Library/Frameworks/Accelerate.framework/Versions/A/Frameworks/vecLib.framework/Versions/A/libBLAS.dylib
0x00000000077c8000 	/System/Library/Frameworks/Accelerate.framework/Versions/A/Frameworks/vecLib.framework/Versions/A/libLinearAlgebra.dylib
0x00000000077c8000 	/System/Library/Frameworks/Accelerate.framework/Versions/A/Frameworks/vecLib.framework/Versions/A/libSparseBLAS.dylib
0x00000000077c8000 	/System/Library/PrivateFrameworks/GPUCompiler.framework/libmetal_timestamp.dylib
0x00000000077c8000 	/System/Library/Frameworks/OpenGL.framework/Versions/A/Libraries/libCoreFSCache.dylib
0x00000000077c8000 	/System/Library/PrivateFrameworks/IOAccelerator.framework/Versions/A/IOAccelerator
0x00000000077c8000 	/System/Library/Frameworks/ApplicationServices.framework/Versions/A/Frameworks/ATS.framework/Versions/A/Resources/libFontParser.dylib
0x00000000077c8000 	/System/Library/Frameworks/ApplicationServices.framework/Versions/A/Frameworks/ATS.framework/Versions/A/Resources/libFontRegistry.dylib
0x00000000077c8000 	/System/Library/PrivateFrameworks/AppleVPA.framework/Versions/A/AppleVPA
0x00000000077c8000 	/System/Library/PrivateFrameworks/AppleJPEG.framework/Versions/A/AppleJPEG
0x00000000077c8000 	/System/Library/Frameworks/ImageIO.framework/Versions/A/Resources/libJPEG.dylib
0x00000000077c8000 	/System/Library/Frameworks/ImageIO.framework/Versions/A/Resources/libTIFF.dylib
0x00000000077c8000 	/System/Library/Frameworks/ImageIO.framework/Versions/A/Resources/libPng.dylib
0x00000000077c8000 	/System/Library/Frameworks/ImageIO.framework/Versions/A/Resources/libGIF.dylib
0x00000000077c8000 	/System/Library/Frameworks/ImageIO.framework/Versions/A/Resources/libJP2.dylib
0x00000000077c8000 	/System/Library/Frameworks/ImageIO.framework/Versions/A/Resources/libRadiance.dylib
0x00000000077c8000 	/System/Library/Frameworks/CoreVideo.framework/Versions/A/CoreVideo
0x00000000077c8000 	/System/Library/Frameworks/OpenGL.framework/Versions/A/Libraries/libGLU.dylib
0x00000000077c8000 	/System/Library/Frameworks/OpenGL.framework/Versions/A/Libraries/libGFXShared.dylib
0x00000000077c8000 	/System/Library/Frameworks/OpenGL.framework/Versions/A/Libraries/libGL.dylib
0x00000000077c8000 	/System/Library/Frameworks/OpenGL.framework/Versions/A/Libraries/libGLImage.dylib
0x00000000077c8000 	/System/Library/Frameworks/OpenGL.framework/Versions/A/Libraries/libCVMSPluginSupport.dylib
0x00000000077c8000 	/System/Library/Frameworks/OpenGL.framework/Versions/A/Libraries/libCoreVMClient.dylib
0x00000000077c8000 	/usr/lib/libcompression.dylib
0x00000000077c8000 	/usr/lib/libcups.2.dylib
0x00000000077c8000 	/System/Library/Frameworks/Kerberos.framework/Versions/A/Kerberos
0x00000000077c8000 	/System/Library/Frameworks/GSS.framework/Versions/A/GSS
0x00000000077c8000 	/usr/lib/libresolv.9.dylib
0x00000000077c8000 	/usr/lib/libiconv.2.dylib
0x00000000077c8000 	/System/Library/PrivateFrameworks/Heimdal.framework/Versions/A/Heimdal
0x00000000077c8000 	/usr/lib/libheimdal-asn1.dylib
0x00000000077c8000 	/System/Library/Frameworks/OpenDirectory.framework/Versions/A/OpenDirectory
0x00000000077c8000 	/System/Library/PrivateFrameworks/CommonAuth.framework/Versions/A/CommonAuth
0x00000000077c8000 	/System/Library/Frameworks/OpenDirectory.framework/Versions/A/Frameworks/CFOpenDirectory.framework/Versions/A/CFOpenDirectory
0x00000000077c8000 	/System/Library/Frameworks/SecurityFoundation.framework/Versions/A/SecurityFoundation
0x00000000077c8000 	/System/Library/PrivateFrameworks/LanguageModeling.framework/Versions/A/LanguageModeling
0x00000000077c8000 	/usr/lib/libmarisa.dylib
0x00000000077c8000 	/usr/lib/libChineseTokenizer.dylib
0x00000000077c8000 	/usr/lib/libcmph.dylib
0x00000000077c8000 	/System/Library/Frameworks/ServiceManagement.framework/Versions/A/ServiceManagement
0x00000000077c8000 	/usr/lib/libxslt.1.dylib
0x00000000077c8000 	/System/Library/Frameworks/Carbon.framework/Versions/A/Frameworks/Ink.framework/Versions/A/Ink
0x00000000077c8000 	/usr/lib/libFosl_dynamic.dylib
0x00000000077c8000 	/System/Library/PrivateFrameworks/FaceCore.framework/Versions/A/FaceCore
0x00000000077c8000 	/System/Library/Frameworks/OpenCL.framework/Versions/A/OpenCL
0x00000000077c8000 	/System/Library/PrivateFrameworks/CrashReporterSupport.framework/Versions/A/CrashReporterSupport
0x00000000077c8000 	/System/Library/PrivateFrameworks/IconServices.framework/Versions/A/IconServices
0x00000000077c8000 	/System/Library/PrivateFrameworks/Apple80211.framework/Versions/A/Apple80211
0x00000000077c8000 	/System/Library/Frameworks/CoreWLAN.framework/Versions/A/CoreWLAN
0x00000000077c8000 	/System/Library/Frameworks/IOBluetooth.framework/Versions/A/IOBluetooth
0x00000000077c8000 	/System/Library/PrivateFrameworks/CoreWiFi.framework/Versions/A/CoreWiFi
0x00000000077c8000 	/System/Library/Frameworks/CoreBluetooth.framework/Versions/A/CoreBluetooth
0x00000000077c8000 	/System/Library/PrivateFrameworks/ChunkingLibrary.framework/Versions/A/ChunkingLibrary
0x00000000077c8000 	/System/Library/PrivateFrameworks/DebugSymbols.framework/Versions/A/DebugSymbols
0x00000000077c8000 	/System/Library/PrivateFrameworks/CoreSymbolication.framework/Versions/A/CoreSymbolication
0x00000000077c8000 	/System/Library/PrivateFrameworks/Symbolication.framework/Versions/A/Symbolication
0x00000000077c8000 	/System/Library/PrivateFrameworks/SpeechRecognitionCore.framework/Versions/A/SpeechRecognitionCore
0x000000010f000000 	/Library/Java/JavaVirtualMachines/jdk1.8.0_73.jdk/Contents/Home/jre/lib/server/libjvm.dylib
0x00000000077c8000 	/usr/lib/libstdc++.6.dylib
0x000000010e6c8000 	/Library/Java/JavaVirtualMachines/jdk1.8.0_73.jdk/Contents/Home/jre/lib/libverify.dylib
0x000000010e6d6000 	/Library/Java/JavaVirtualMachines/jdk1.8.0_73.jdk/Contents/Home/jre/lib/libjava.dylib
0x000000010e70c000 	/Library/Java/JavaVirtualMachines/jdk1.8.0_73.jdk/Contents/Home/jre/lib/libjdwp.dylib
0x000000010e757000 	/Library/Java/JavaVirtualMachines/jdk1.8.0_73.jdk/Contents/Home/jre/lib/libnpt.dylib
0x000000010e764000 	/Library/Java/JavaVirtualMachines/jdk1.8.0_73.jdk/Contents/Home/jre/lib/libzip.dylib
0x000000012585f000 	/System/Library/Frameworks/JavaVM.framework/Frameworks/JavaRuntimeSupport.framework/JavaRuntimeSupport
0x000000012587a000 	/System/Library/Frameworks/JavaVM.framework/Versions/A/Frameworks/JavaNativeFoundation.framework/Versions/A/JavaNativeFoundation
0x000000012588f000 	/System/Library/Frameworks/JavaVM.framework/Versions/A/JavaVM
0x00000000077c8000 	/System/Library/Frameworks/Carbon.framework/Versions/A/Carbon
0x000000012589c000 	/System/Library/PrivateFrameworks/JavaLaunching.framework/Versions/A/JavaLaunching
0x00000000077c8000 	/System/Library/Frameworks/Carbon.framework/Versions/A/Frameworks/CommonPanels.framework/Versions/A/CommonPanels
0x00000000077c8000 	/System/Library/Frameworks/Carbon.framework/Versions/A/Frameworks/Help.framework/Versions/A/Help
0x00000000077c8000 	/System/Library/Frameworks/Carbon.framework/Versions/A/Frameworks/ImageCapture.framework/Versions/A/ImageCapture
0x00000000077c8000 	/System/Library/Frameworks/Carbon.framework/Versions/A/Frameworks/OpenScripting.framework/Versions/A/OpenScripting
0x00000000077c8000 	/System/Library/Frameworks/Carbon.framework/Versions/A/Frameworks/Print.framework/Versions/A/Print
0x00000000077c8000 	/System/Library/Frameworks/Carbon.framework/Versions/A/Frameworks/SecurityHI.framework/Versions/A/SecurityHI
0x00000001271bc000 	/Library/Java/JavaVirtualMachines/jdk1.8.0_73.jdk/Contents/Home/jre/lib/libdt_socket.dylib
0x0000000127209000 	/Library/Java/JavaVirtualMachines/jdk1.8.0_73.jdk/Contents/Home/jre/lib/libnet.dylib
0x0000000127295000 	/Library/Java/JavaVirtualMachines/jdk1.8.0_73.jdk/Contents/Home/jre/lib/libnio.dylib

VM Arguments:
jvm_args: -agentlib:jdwp=transport=dt_socket,suspend=y,address=localhost:59035 -Dfile.encoding=UTF-8 
java_command: org.eclipse.jdt.internal.junit.runner.RemoteTestRunner -version 3 -port 59034 -testLoaderClass org.eclipse.jdt.internal.junit4.runner.JUnit4TestLoader -loaderpluginname org.eclipse.jdt.junit4.runtime -classNames it.uniroma1.lcl.mynn.TestReteNeuralePerceptron
java_class_path (initial): /Users/Gimmi/Documents/workspace/PRO/bin:/Users/Gimmi/.p2/pool/plugins/org.junit_4.12.0.v201504281640/junit.jar:/Users/Gimmi/.p2/pool/plugins/org.hamcrest.core_1.3.0.v201303031735.jar:/Users/Gimmi/eclipse/java-mars/Eclipse.app/Contents/Eclipse/configuration/org.eclipse.osgi/214/0/.cp/:/Users/Gimmi/eclipse/java-mars/Eclipse.app/Contents/Eclipse/configuration/org.eclipse.osgi/213/0/.cp/
Launcher Type: SUN_STANDARD

Environment Variables:
PATH=/usr/bin:/bin:/usr/sbin:/sbin
SHELL=/bin/bash

Signal Handlers:
SIGSEGV: [libjvm.dylib+0x5a71a5], sa_mask[0]=11111111011111110111111111111111, sa_flags=SA_ONSTACK|SA_RESTART|SA_SIGINFO
SIGBUS: [libjvm.dylib+0x5a71a5], sa_mask[0]=11111111011111110111111111111111, sa_flags=SA_RESTART|SA_SIGINFO
SIGFPE: [libjvm.dylib+0x480eb4], sa_mask[0]=11111111011111110111111111111111, sa_flags=SA_RESTART|SA_SIGINFO
SIGPIPE: [libjvm.dylib+0x480eb4], sa_mask[0]=11111111011111110111111111111111, sa_flags=SA_RESTART|SA_SIGINFO
SIGXFSZ: [libjvm.dylib+0x480eb4], sa_mask[0]=11111111011111110111111111111111, sa_flags=SA_RESTART|SA_SIGINFO
SIGILL: [libjvm.dylib+0x480eb4], sa_mask[0]=11111111011111110111111111111111, sa_flags=SA_RESTART|SA_SIGINFO
SIGUSR1: SIG_DFL, sa_mask[0]=00000000000000000000000000000000, sa_flags=none
SIGUSR2: [libjvm.dylib+0x4809d2], sa_mask[0]=00100000000000000000000000000000, sa_flags=SA_RESTART|SA_SIGINFO
SIGHUP: [libjvm.dylib+0x47efa9], sa_mask[0]=11111111011111110111111111111111, sa_flags=SA_RESTART|SA_SIGINFO
SIGINT: [libjvm.dylib+0x47efa9], sa_mask[0]=11111111011111110111111111111111, sa_flags=SA_RESTART|SA_SIGINFO
SIGTERM: [libjvm.dylib+0x47efa9], sa_mask[0]=11111111011111110111111111111111, sa_flags=SA_RESTART|SA_SIGINFO
SIGQUIT: [libjvm.dylib+0x47efa9], sa_mask[0]=11111111011111110111111111111111, sa_flags=SA_RESTART|SA_SIGINFO


---------------  S Y S T E M  ---------------

OS:Bsduname:Darwin 15.5.0 Darwin Kernel Version 15.5.0: Tue Apr 19 18:36:36 PDT 2016; root:xnu-3248.50.21~8/RELEASE_X86_64 x86_64
rlimit: STACK 8192k, CORE 0k, NPROC 709, NOFILE 10240, AS infinity
load average:1.30 1.32 1.44

CPU:total 4 (2 cores per cpu, 2 threads per core) family 6 model 61 stepping 4, cmov, cx8, fxsr, mmx, sse, sse2, sse3, ssse3, sse4.1, sse4.2, popcnt, avx, avx2, aes, clmul, erms, 3dnowpref, lzcnt, ht, tsc, tscinvbit, bmi1, bmi2, adx

Memory: 4k page, physical 8388608k(68064k free)

/proc/meminfo:


vm_info: Java HotSpot(TM) 64-Bit Server VM (25.73-b02) for bsd-amd64 JRE (1.8.0_73-b02), built on Jan 29 2016 15:02:00 by "java_re" with gcc 4.2.1 (Based on Apple Inc. build 5658) (LLVM build 2336.11.00)

time: Sat Aug 20 18:49:38 2016
elapsed time: 448 seconds (0d 0h 7m 28s)

